{"/Users/calilrennersilva/Desktop/sing-me-a-song-API/src/database/database.js": {"path":"/Users/calilrennersilva/Desktop/sing-me-a-song-API/src/database/database.js","statementMap":{"0":{"start":{"line":3,"column":17},"end":{"line":3,"column":19}},"1":{"start":{"line":5,"column":19},"end":{"line":8,"column":2}}},"fnMap":{},"branchMap":{},"s":{"0":1,"1":1},"f":{},"b":{},"_coverageSchema":"1a1c01bbd47fc00a2c39e90264f33305004495a9","hash":"a1a00346d87d8c0791173e4de090a56f30c74080"}
,"/Users/calilrennersilva/Desktop/sing-me-a-song-API/src/repositories/recommendation.js": {"path":"/Users/calilrennersilva/Desktop/sing-me-a-song-API/src/repositories/recommendation.js","statementMap":{"0":{"start":{"line":4,"column":25},"end":{"line":7,"column":3}},"1":{"start":{"line":9,"column":2},"end":{"line":9,"column":33}},"2":{"start":{"line":13,"column":28},"end":{"line":16,"column":3}},"3":{"start":{"line":18,"column":2},"end":{"line":18,"column":35}}},"fnMap":{"0":{"name":"findRecommendationByLink","decl":{"start":{"line":3,"column":15},"end":{"line":3,"column":39}},"loc":{"start":{"line":3,"column":57},"end":{"line":10,"column":1}},"line":3},"1":{"name":"createRecommendation","decl":{"start":{"line":12,"column":15},"end":{"line":12,"column":35}},"loc":{"start":{"line":12,"column":59},"end":{"line":19,"column":1}},"line":12}},"branchMap":{},"s":{"0":0,"1":0,"2":0,"3":0},"f":{"0":0,"1":0},"b":{},"_coverageSchema":"1a1c01bbd47fc00a2c39e90264f33305004495a9","hash":"e1db802f6b47885e70d886e8e3c74965f7f854de"}
,"/Users/calilrennersilva/Desktop/sing-me-a-song-API/src/services/recommendation.js": {"path":"/Users/calilrennersilva/Desktop/sing-me-a-song-API/src/services/recommendation.js","statementMap":{"0":{"start":{"line":5,"column":4},"end":{"line":5,"column":76}},"1":{"start":{"line":7,"column":2},"end":{"line":7,"column":40}},"2":{"start":{"line":7,"column":28},"end":{"line":7,"column":40}},"3":{"start":{"line":9,"column":25},"end":{"line":12,"column":4}},"4":{"start":{"line":14,"column":2},"end":{"line":14,"column":33}},"5":{"start":{"line":14,"column":23},"end":{"line":14,"column":33}},"6":{"start":{"line":16,"column":2},"end":{"line":16,"column":24}}},"fnMap":{"0":{"name":"newRecommendation","decl":{"start":{"line":3,"column":15},"end":{"line":3,"column":32}},"loc":{"start":{"line":3,"column":56},"end":{"line":17,"column":1}},"line":3}},"branchMap":{"0":{"loc":{"start":{"line":7,"column":2},"end":{"line":7,"column":40}},"type":"if","locations":[{"start":{"line":7,"column":2},"end":{"line":7,"column":40}},{"start":{},"end":{}}],"line":7},"1":{"loc":{"start":{"line":14,"column":2},"end":{"line":14,"column":33}},"type":"if","locations":[{"start":{"line":14,"column":2},"end":{"line":14,"column":33}},{"start":{},"end":{}}],"line":14}},"s":{"0":3,"1":3,"2":1,"3":2,"4":2,"5":1,"6":1},"f":{"0":3},"b":{"0":[1,2],"1":[1,1]},"_coverageSchema":"1a1c01bbd47fc00a2c39e90264f33305004495a9","hash":"02ad5d5ee7917d290839cb2bb81bfd3ee1ae51c2"}
}
