{"/Users/calilrennersilva/Desktop/sing-me-a-song-API/src/database/database.js": {"path":"/Users/calilrennersilva/Desktop/sing-me-a-song-API/src/database/database.js","statementMap":{"0":{"start":{"line":3,"column":17},"end":{"line":3,"column":19}},"1":{"start":{"line":5,"column":19},"end":{"line":8,"column":2}}},"fnMap":{},"branchMap":{},"s":{"0":3,"1":3},"f":{},"b":{},"_coverageSchema":"1a1c01bbd47fc00a2c39e90264f33305004495a9","hash":"a1a00346d87d8c0791173e4de090a56f30c74080"}
,"/Users/calilrennersilva/Desktop/sing-me-a-song-API/src/repositories/recommendationRepository.js": {"path":"/Users/calilrennersilva/Desktop/sing-me-a-song-API/src/repositories/recommendationRepository.js","statementMap":{"0":{"start":{"line":4,"column":25},"end":{"line":7,"column":3}},"1":{"start":{"line":9,"column":2},"end":{"line":9,"column":33}},"2":{"start":{"line":13,"column":28},"end":{"line":16,"column":3}},"3":{"start":{"line":18,"column":2},"end":{"line":18,"column":32}},"4":{"start":{"line":22,"column":2},"end":{"line":25,"column":4}},"5":{"start":{"line":29,"column":32},"end":{"line":32,"column":3}},"6":{"start":{"line":34,"column":2},"end":{"line":34,"column":39}},"7":{"start":{"line":38,"column":25},"end":{"line":49,"column":3}},"8":{"start":{"line":51,"column":2},"end":{"line":51,"column":32}},"9":{"start":{"line":55,"column":39},"end":{"line":61,"column":31}},"10":{"start":{"line":61,"column":21},"end":{"line":61,"column":30}},"11":{"start":{"line":63,"column":25},"end":{"line":72,"column":3}},"12":{"start":{"line":74,"column":2},"end":{"line":74,"column":43}},"13":{"start":{"line":74,"column":31},"end":{"line":74,"column":43}},"14":{"start":{"line":76,"column":16},"end":{"line":81,"column":3}},"15":{"start":{"line":83,"column":2},"end":{"line":83,"column":57}},"16":{"start":{"line":87,"column":25},"end":{"line":93,"column":4}},"17":{"start":{"line":95,"column":16},"end":{"line":100,"column":3}},"18":{"start":{"line":102,"column":2},"end":{"line":102,"column":43}},"19":{"start":{"line":102,"column":31},"end":{"line":102,"column":43}},"20":{"start":{"line":104,"column":2},"end":{"line":104,"column":57}},"21":{"start":{"line":108,"column":25},"end":{"line":110,"column":3}},"22":{"start":{"line":112,"column":2},"end":{"line":112,"column":32}}},"fnMap":{"0":{"name":"findRecommendationByLink","decl":{"start":{"line":3,"column":15},"end":{"line":3,"column":39}},"loc":{"start":{"line":3,"column":57},"end":{"line":10,"column":1}},"line":3},"1":{"name":"createRecommendation","decl":{"start":{"line":12,"column":15},"end":{"line":12,"column":35}},"loc":{"start":{"line":12,"column":59},"end":{"line":19,"column":1}},"line":12},"2":{"name":"removeRecommendation","decl":{"start":{"line":21,"column":15},"end":{"line":21,"column":35}},"loc":{"start":{"line":21,"column":58},"end":{"line":26,"column":1}},"line":21},"3":{"name":"findDeletedRecommendation","decl":{"start":{"line":28,"column":15},"end":{"line":28,"column":40}},"loc":{"start":{"line":28,"column":63},"end":{"line":35,"column":1}},"line":28},"4":{"name":"getRecommendationHigherThenTenScore","decl":{"start":{"line":37,"column":15},"end":{"line":37,"column":50}},"loc":{"start":{"line":37,"column":53},"end":{"line":52,"column":1}},"line":37},"5":{"name":"getRecommendationLowerThenOrEqualToTenScore","decl":{"start":{"line":54,"column":15},"end":{"line":54,"column":58}},"loc":{"start":{"line":54,"column":61},"end":{"line":84,"column":1}},"line":54},"6":{"name":"(anonymous_6)","decl":{"start":{"line":61,"column":13},"end":{"line":61,"column":14}},"loc":{"start":{"line":61,"column":21},"end":{"line":61,"column":30}},"line":61},"7":{"name":"getRandomRecommendation","decl":{"start":{"line":86,"column":15},"end":{"line":86,"column":38}},"loc":{"start":{"line":86,"column":41},"end":{"line":105,"column":1}},"line":86},"8":{"name":"findAnyRecommendation","decl":{"start":{"line":107,"column":15},"end":{"line":107,"column":36}},"loc":{"start":{"line":107,"column":39},"end":{"line":113,"column":1}},"line":107}},"branchMap":{"0":{"loc":{"start":{"line":74,"column":2},"end":{"line":74,"column":43}},"type":"if","locations":[{"start":{"line":74,"column":2},"end":{"line":74,"column":43}},{"start":{},"end":{}}],"line":74},"1":{"loc":{"start":{"line":102,"column":2},"end":{"line":102,"column":43}},"type":"if","locations":[{"start":{"line":102,"column":2},"end":{"line":102,"column":43}},{"start":{},"end":{}}],"line":102}},"s":{"0":0,"1":0,"2":0,"3":0,"4":0,"5":0,"6":0,"7":0,"8":0,"9":0,"10":0,"11":0,"12":0,"13":0,"14":0,"15":0,"16":0,"17":0,"18":0,"19":0,"20":0,"21":0,"22":0},"f":{"0":0,"1":0,"2":0,"3":0,"4":0,"5":0,"6":0,"7":0,"8":0},"b":{"0":[0,0],"1":[0,0]},"_coverageSchema":"1a1c01bbd47fc00a2c39e90264f33305004495a9","hash":"f91385b52327841e2b293b30aea8daf718e286e5"}
,"/Users/calilrennersilva/Desktop/sing-me-a-song-API/src/repositories/voteRepository.js": {"path":"/Users/calilrennersilva/Desktop/sing-me-a-song-API/src/repositories/voteRepository.js","statementMap":{"0":{"start":{"line":4,"column":17},"end":{"line":7,"column":3}},"1":{"start":{"line":9,"column":2},"end":{"line":9,"column":21}},"2":{"start":{"line":13,"column":24},"end":{"line":16,"column":3}},"3":{"start":{"line":18,"column":2},"end":{"line":18,"column":32}}},"fnMap":{"0":{"name":"createVote","decl":{"start":{"line":3,"column":15},"end":{"line":3,"column":25}},"loc":{"start":{"line":3,"column":54},"end":{"line":10,"column":1}},"line":3},"1":{"name":"findDownVotes","decl":{"start":{"line":12,"column":15},"end":{"line":12,"column":28}},"loc":{"start":{"line":12,"column":51},"end":{"line":19,"column":1}},"line":12}},"branchMap":{},"s":{"0":0,"1":0,"2":0,"3":0},"f":{"0":0,"1":0},"b":{},"_coverageSchema":"1a1c01bbd47fc00a2c39e90264f33305004495a9","hash":"7bc2af1389aa533022b4c15416f18f316994473a"}
,"/Users/calilrennersilva/Desktop/sing-me-a-song-API/src/services/recommendationService.js": {"path":"/Users/calilrennersilva/Desktop/sing-me-a-song-API/src/services/recommendationService.js","statementMap":{"0":{"start":{"line":5,"column":4},"end":{"line":5,"column":76}},"1":{"start":{"line":7,"column":2},"end":{"line":7,"column":40}},"2":{"start":{"line":7,"column":28},"end":{"line":7,"column":40}},"3":{"start":{"line":9,"column":25},"end":{"line":12,"column":4}},"4":{"start":{"line":14,"column":2},"end":{"line":14,"column":33}},"5":{"start":{"line":14,"column":23},"end":{"line":14,"column":33}},"6":{"start":{"line":16,"column":2},"end":{"line":16,"column":24}},"7":{"start":{"line":20,"column":2},"end":{"line":20,"column":77}},"8":{"start":{"line":24,"column":23},"end":{"line":26,"column":3}},"9":{"start":{"line":28,"column":2},"end":{"line":28,"column":22}},"10":{"start":{"line":32,"column":21},"end":{"line":32,"column":71}},"11":{"start":{"line":34,"column":25},"end":{"line":35,"column":53}},"12":{"start":{"line":35,"column":4},"end":{"line":35,"column":53}},"13":{"start":{"line":37,"column":23},"end":{"line":37,"column":75}},"14":{"start":{"line":40,"column":4},"end":{"line":40,"column":72}},"15":{"start":{"line":43,"column":4},"end":{"line":43,"column":80}},"16":{"start":{"line":46,"column":4},"end":{"line":46,"column":60}},"17":{"start":{"line":49,"column":4},"end":{"line":49,"column":58}},"18":{"start":{"line":51,"column":2},"end":{"line":53,"column":3}},"19":{"start":{"line":52,"column":4},"end":{"line":52,"column":14}},"20":{"start":{"line":55,"column":2},"end":{"line":64,"column":3}},"21":{"start":{"line":63,"column":4},"end":{"line":63,"column":32}},"22":{"start":{"line":66,"column":2},"end":{"line":68,"column":3}},"23":{"start":{"line":67,"column":4},"end":{"line":67,"column":44}},"24":{"start":{"line":69,"column":2},"end":{"line":69,"column":50}}},"fnMap":{"0":{"name":"newRecommendation","decl":{"start":{"line":3,"column":15},"end":{"line":3,"column":32}},"loc":{"start":{"line":3,"column":56},"end":{"line":17,"column":1}},"line":3},"1":{"name":"removeRecommendation","decl":{"start":{"line":19,"column":15},"end":{"line":19,"column":35}},"loc":{"start":{"line":19,"column":58},"end":{"line":21,"column":1}},"line":19},"2":{"name":"isDeleted","decl":{"start":{"line":23,"column":15},"end":{"line":23,"column":24}},"loc":{"start":{"line":23,"column":47},"end":{"line":29,"column":1}},"line":23},"3":{"name":"getRecommendation","decl":{"start":{"line":31,"column":15},"end":{"line":31,"column":32}},"loc":{"start":{"line":31,"column":35},"end":{"line":70,"column":1}},"line":31},"4":{"name":"(anonymous_4)","decl":{"start":{"line":34,"column":25},"end":{"line":34,"column":26}},"loc":{"start":{"line":35,"column":4},"end":{"line":35,"column":53}},"line":35}},"branchMap":{"0":{"loc":{"start":{"line":7,"column":2},"end":{"line":7,"column":40}},"type":"if","locations":[{"start":{"line":7,"column":2},"end":{"line":7,"column":40}},{"start":{},"end":{}}],"line":7},"1":{"loc":{"start":{"line":14,"column":2},"end":{"line":14,"column":33}},"type":"if","locations":[{"start":{"line":14,"column":2},"end":{"line":14,"column":33}},{"start":{},"end":{}}],"line":14},"2":{"loc":{"start":{"line":51,"column":2},"end":{"line":53,"column":3}},"type":"if","locations":[{"start":{"line":51,"column":2},"end":{"line":53,"column":3}},{"start":{},"end":{}}],"line":51},"3":{"loc":{"start":{"line":55,"column":2},"end":{"line":64,"column":3}},"type":"if","locations":[{"start":{"line":55,"column":2},"end":{"line":64,"column":3}},{"start":{},"end":{}}],"line":55},"4":{"loc":{"start":{"line":56,"column":4},"end":{"line":61,"column":48}},"type":"binary-expr","locations":[{"start":{"line":56,"column":5},"end":{"line":56,"column":37}},{"start":{"line":57,"column":6},"end":{"line":57,"column":47}},{"start":{"line":58,"column":5},"end":{"line":58,"column":38}},{"start":{"line":59,"column":6},"end":{"line":59,"column":46}},{"start":{"line":60,"column":5},"end":{"line":60,"column":38}},{"start":{"line":61,"column":6},"end":{"line":61,"column":47}}],"line":56},"5":{"loc":{"start":{"line":66,"column":2},"end":{"line":68,"column":3}},"type":"if","locations":[{"start":{"line":66,"column":2},"end":{"line":68,"column":3}},{"start":{},"end":{}}],"line":66}},"s":{"0":3,"1":3,"2":1,"3":2,"4":2,"5":1,"6":1,"7":0,"8":0,"9":0,"10":6,"11":6,"12":6,"13":6,"14":6,"15":6,"16":6,"17":6,"18":6,"19":1,"20":5,"21":3,"22":2,"23":1,"24":1},"f":{"0":3,"1":0,"2":0,"3":6,"4":6},"b":{"0":[1,2],"1":[1,1],"2":[1,5],"3":[3,2],"4":[5,3,4,2,3,1],"5":[1,1]},"_coverageSchema":"1a1c01bbd47fc00a2c39e90264f33305004495a9","hash":"d3b2c7f458a6cda629e1530ce4af630c08b7ab1c"}
,"/Users/calilrennersilva/Desktop/sing-me-a-song-API/src/services/voteService.js": {"path":"/Users/calilrennersilva/Desktop/sing-me-a-song-API/src/services/voteService.js","statementMap":{"0":{"start":{"line":5,"column":30},"end":{"line":7,"column":4}},"1":{"start":{"line":9,"column":2},"end":{"line":11,"column":3}},"2":{"start":{"line":10,"column":4},"end":{"line":10,"column":16}},"3":{"start":{"line":13,"column":15},"end":{"line":16,"column":4}},"4":{"start":{"line":18,"column":2},"end":{"line":18,"column":14}},"5":{"start":{"line":22,"column":20},"end":{"line":22,"column":79}},"6":{"start":{"line":24,"column":2},"end":{"line":26,"column":3}},"7":{"start":{"line":25,"column":4},"end":{"line":25,"column":16}},"8":{"start":{"line":28,"column":26},"end":{"line":30,"column":4}},"9":{"start":{"line":32,"column":2},"end":{"line":37,"column":3}},"10":{"start":{"line":33,"column":4},"end":{"line":35,"column":7}},"11":{"start":{"line":36,"column":4},"end":{"line":36,"column":14}},"12":{"start":{"line":39,"column":15},"end":{"line":42,"column":4}},"13":{"start":{"line":44,"column":2},"end":{"line":44,"column":14}}},"fnMap":{"0":{"name":"addUpVote","decl":{"start":{"line":4,"column":15},"end":{"line":4,"column":24}},"loc":{"start":{"line":4,"column":47},"end":{"line":19,"column":1}},"line":4},"1":{"name":"addDownVote","decl":{"start":{"line":21,"column":15},"end":{"line":21,"column":26}},"loc":{"start":{"line":21,"column":49},"end":{"line":45,"column":1}},"line":21}},"branchMap":{"0":{"loc":{"start":{"line":9,"column":2},"end":{"line":11,"column":3}},"type":"if","locations":[{"start":{"line":9,"column":2},"end":{"line":11,"column":3}},{"start":{},"end":{}}],"line":9},"1":{"loc":{"start":{"line":24,"column":2},"end":{"line":26,"column":3}},"type":"if","locations":[{"start":{"line":24,"column":2},"end":{"line":26,"column":3}},{"start":{},"end":{}}],"line":24},"2":{"loc":{"start":{"line":32,"column":2},"end":{"line":37,"column":3}},"type":"if","locations":[{"start":{"line":32,"column":2},"end":{"line":37,"column":3}},{"start":{},"end":{}}],"line":32}},"s":{"0":2,"1":2,"2":1,"3":1,"4":1,"5":3,"6":3,"7":1,"8":2,"9":2,"10":1,"11":1,"12":1,"13":1},"f":{"0":2,"1":3},"b":{"0":[1,1],"1":[1,2],"2":[1,1]},"_coverageSchema":"1a1c01bbd47fc00a2c39e90264f33305004495a9","hash":"2b313dbb2697f1c923f31b8215be7d3247cf21ad"}
}
