TN:
SF:src/database/database.js
FNF:0
FNH:0
DA:3,3
DA:5,3
LF:2
LH:2
BRF:0
BRH:0
end_of_record
TN:
SF:src/repositories/recommendationRepository.js
FN:3,findRecommendationByLink
FN:12,createRecommendation
FN:21,removeRecommendation
FN:28,findDeletedRecommendation
FNF:4
FNH:0
FNDA:0,findRecommendationByLink
FNDA:0,createRecommendation
FNDA:0,removeRecommendation
FNDA:0,findDeletedRecommendation
DA:4,0
DA:9,0
DA:13,0
DA:18,0
DA:22,0
DA:29,0
DA:34,0
LF:7
LH:0
BRF:0
BRH:0
end_of_record
TN:
SF:src/repositories/voteRepository.js
FN:3,createVote
FN:12,findDownVotes
FNF:2
FNH:0
FNDA:0,createVote
FNDA:0,findDownVotes
DA:4,0
DA:9,0
DA:13,0
DA:18,0
LF:4
LH:0
BRF:0
BRH:0
end_of_record
TN:
SF:src/services/recommendationService.js
FN:3,newRecommendation
FN:19,removeRecommendation
FN:23,isDeleted
FNF:3
FNH:1
FNDA:3,newRecommendation
FNDA:0,removeRecommendation
FNDA:0,isDeleted
DA:5,3
DA:7,3
DA:9,2
DA:14,2
DA:16,1
DA:20,0
DA:24,0
DA:28,0
LF:8
LH:5
BRDA:7,0,0,1
BRDA:7,0,1,2
BRDA:14,1,0,1
BRDA:14,1,1,1
BRF:4
BRH:4
end_of_record
TN:
SF:src/services/voteService.js
FN:4,addUpVote
FN:21,addDownVote
FNF:2
FNH:2
FNDA:2,addUpVote
FNDA:2,addDownVote
DA:5,2
DA:9,2
DA:10,1
DA:13,1
DA:18,1
DA:22,2
DA:26,2
DA:27,1
DA:30,1
DA:33,1
DA:38,1
LF:11
LH:11
BRDA:9,0,0,1
BRDA:9,0,1,1
BRDA:26,1,0,1
BRDA:26,1,1,1
BRF:4
BRH:4
end_of_record
