TN:
SF:src/database/database.js
FNF:0
FNH:0
DA:3,1
DA:5,1
LF:2
LH:2
BRF:0
BRH:0
end_of_record
TN:
SF:src/repositories/recommendation.js
FN:3,findRecommendationByLink
FN:12,createRecommendation
FNF:2
FNH:0
FNDA:0,findRecommendationByLink
FNDA:0,createRecommendation
DA:4,0
DA:9,0
DA:13,0
DA:18,0
LF:4
LH:0
BRF:0
BRH:0
end_of_record
TN:
SF:src/services/recommendation.js
FN:3,newRecommendation
FNF:1
FNH:1
FNDA:3,newRecommendation
DA:5,3
DA:7,3
DA:9,2
DA:14,2
DA:16,1
LF:5
LH:5
BRDA:7,0,0,1
BRDA:7,0,1,2
BRDA:14,1,0,1
BRDA:14,1,1,1
BRF:4
BRH:4
end_of_record
